<?xml version="1.0" encoding="UTF-8"?>
<!-- Generated by org.testng.reporters.JUnitReportReporter -->
<testsuite hostname="DESKTOP-93MOUUG" failures="0" tests="1" name="com.mycompany.nestng_annotations.NestNG_Annotations" time="3.116" errors="0" timestamp="2 Nov 2023 08:00:35 GMT">
  <testcase classname="com.mycompany.nestng_annotations.NestNG_Annotations" name="testLogin" time="3.116"/>
</testsuite> <!-- com.mycompany.nestng_annotations.NestNG_Annotations -->
