<?xml version="1.0" encoding="UTF-8"?>
<!-- Generated by org.testng.reporters.JUnitReportReporter -->
<testsuite hostname="DESKTOP-93MOUUG" failures="0" tests="1" name="com.mycompany.nestng_annotations.NestNG_Annotations" time="5.147" errors="0" timestamp="3 Nov 2023 10:20:45 GMT">
  <testcase classname="com.mycompany.nestng_annotations.NestNG_Annotations" name="testLogin" time="5.147"/>
</testsuite> <!-- com.mycompany.nestng_annotations.NestNG_Annotations -->
