<?xml version="1.0" encoding="UTF-8"?>
<!-- Generated by org.testng.reporters.JUnitReportReporter -->
<testsuite hostname="DESKTOP-93MOUUG" failures="0" tests="1" name="com.mycompany.nestng_annotations.TestNGTask" time="0.006" errors="0" timestamp="7 Nov 2023 10:48:52 GMT">
  <testcase classname="com.mycompany.nestng_annotations.TestNGTask" name="loginTest123" time="0.006"/>
</testsuite> <!-- com.mycompany.nestng_annotations.TestNGTask -->
