<?xml version="1.0" encoding="UTF-8"?>
<!-- Generated by org.testng.reporters.JUnitReportReporter -->
<testsuite hostname="DESKTOP-93MOUUG" failures="0" tests="1" name="com.mycompany.nestng_annotations.NewTestNG" time="0.012" errors="0" timestamp="5 Nov 2023 10:45:00 GMT">
  <testcase classname="com.mycompany.nestng_annotations.NewTestNG" name="testTitle" time="0.012"/>
</testsuite> <!-- com.mycompany.nestng_annotations.NewTestNG -->
